0 info it worked if it ends with ok
1 verbose cli [ 'node', '/usr/local/bin/npm', 'update' ]
2 info using npm@1.3.8
3 info using node@v0.10.18
4 verbose cache add [ 'socket.io', '*' ]
5 verbose cache add name="socket.io" spec="*" args=["socket.io","*"]
6 verbose parsed url { protocol: null,
6 verbose parsed url   slashes: null,
6 verbose parsed url   auth: null,
6 verbose parsed url   host: null,
6 verbose parsed url   port: null,
6 verbose parsed url   hostname: null,
6 verbose parsed url   hash: null,
6 verbose parsed url   search: null,
6 verbose parsed url   query: null,
6 verbose parsed url   pathname: '*',
6 verbose parsed url   path: '*',
6 verbose parsed url   href: '*' }
7 verbose addNamed [ 'socket.io', '*' ]
8 verbose addNamed [ null, '*' ]
9 verbose cache add [ 'yase', '*' ]
10 verbose cache add name="yase" spec="*" args=["yase","*"]
11 verbose parsed url { protocol: null,
11 verbose parsed url   slashes: null,
11 verbose parsed url   auth: null,
11 verbose parsed url   host: null,
11 verbose parsed url   port: null,
11 verbose parsed url   hostname: null,
11 verbose parsed url   hash: null,
11 verbose parsed url   search: null,
11 verbose parsed url   query: null,
11 verbose parsed url   pathname: '*',
11 verbose parsed url   path: '*',
11 verbose parsed url   href: '*' }
12 verbose addNamed [ 'yase', '*' ]
13 verbose addNamed [ null, '*' ]
14 verbose cache add [ 'vows', '*' ]
15 verbose cache add name="vows" spec="*" args=["vows","*"]
16 verbose parsed url { protocol: null,
16 verbose parsed url   slashes: null,
16 verbose parsed url   auth: null,
16 verbose parsed url   host: null,
16 verbose parsed url   port: null,
16 verbose parsed url   hostname: null,
16 verbose parsed url   hash: null,
16 verbose parsed url   search: null,
16 verbose parsed url   query: null,
16 verbose parsed url   pathname: '*',
16 verbose parsed url   path: '*',
16 verbose parsed url   href: '*' }
17 verbose addNamed [ 'vows', '*' ]
18 verbose addNamed [ null, '*' ]
19 verbose cache add [ 'yadb', '*' ]
20 verbose cache add name="yadb" spec="*" args=["yadb","*"]
21 verbose parsed url { protocol: null,
21 verbose parsed url   slashes: null,
21 verbose parsed url   auth: null,
21 verbose parsed url   host: null,
21 verbose parsed url   port: null,
21 verbose parsed url   hostname: null,
21 verbose parsed url   hash: null,
21 verbose parsed url   search: null,
21 verbose parsed url   query: null,
21 verbose parsed url   pathname: '*',
21 verbose parsed url   path: '*',
21 verbose parsed url   href: '*' }
22 verbose addNamed [ 'yadb', '*' ]
23 verbose addNamed [ null, '*' ]
24 verbose cache add [ 'serialport', '*' ]
25 verbose cache add name="serialport" spec="*" args=["serialport","*"]
26 verbose parsed url { protocol: null,
26 verbose parsed url   slashes: null,
26 verbose parsed url   auth: null,
26 verbose parsed url   host: null,
26 verbose parsed url   port: null,
26 verbose parsed url   hostname: null,
26 verbose parsed url   hash: null,
26 verbose parsed url   search: null,
26 verbose parsed url   query: null,
26 verbose parsed url   pathname: '*',
26 verbose parsed url   path: '*',
26 verbose parsed url   href: '*' }
27 verbose addNamed [ 'serialport', '*' ]
28 verbose addNamed [ null, '*' ]
29 verbose cache add [ 'refinery', '*' ]
30 verbose cache add name="refinery" spec="*" args=["refinery","*"]
31 verbose parsed url { protocol: null,
31 verbose parsed url   slashes: null,
31 verbose parsed url   auth: null,
31 verbose parsed url   host: null,
31 verbose parsed url   port: null,
31 verbose parsed url   hostname: null,
31 verbose parsed url   hash: null,
31 verbose parsed url   search: null,
31 verbose parsed url   query: null,
31 verbose parsed url   pathname: '*',
31 verbose parsed url   path: '*',
31 verbose parsed url   href: '*' }
32 verbose addNamed [ 'refinery', '*' ]
33 verbose addNamed [ null, '*' ]
34 silly lockFile 141fbf03-socket-io socket.io@*
35 verbose lock socket.io@* /Users/yapcheahshen/.npm/141fbf03-socket-io.lock
36 silly lockFile df93abb3-yase yase@*
37 verbose lock yase@* /Users/yapcheahshen/.npm/df93abb3-yase.lock
38 silly lockFile c2b322e5-vows vows@*
39 verbose lock vows@* /Users/yapcheahshen/.npm/c2b322e5-vows.lock
40 silly lockFile da133cdf-yadb yadb@*
41 verbose lock yadb@* /Users/yapcheahshen/.npm/da133cdf-yadb.lock
42 silly lockFile 651e8adf-serialport serialport@*
43 verbose lock serialport@* /Users/yapcheahshen/.npm/651e8adf-serialport.lock
44 silly lockFile 9f0cf5bf-refinery refinery@*
45 verbose lock refinery@* /Users/yapcheahshen/.npm/9f0cf5bf-refinery.lock
46 silly addNameRange { name: 'socket.io', range: '*', hasData: false }
47 silly addNameRange { name: 'yase', range: '*', hasData: false }
48 silly addNameRange { name: 'vows', range: '*', hasData: false }
49 silly addNameRange { name: 'serialport', range: '*', hasData: false }
50 silly addNameRange { name: 'refinery', range: '*', hasData: false }
51 verbose url raw vows
52 verbose url resolving [ 'https://registry.npmjs.org/', './vows' ]
53 verbose url resolved https://registry.npmjs.org/vows
54 info trying registry request attempt 1 at 12:33:08
55 http GET https://registry.npmjs.org/vows
56 silly addNameRange { name: 'yadb', range: '*', hasData: false }
57 verbose url raw yase
58 verbose url resolving [ 'https://registry.npmjs.org/', './yase' ]
59 verbose url resolved https://registry.npmjs.org/yase
60 info trying registry request attempt 1 at 12:33:08
61 verbose etag "2NXQ4WQ3L2Q22705FDJ6Z8G1U"
62 http GET https://registry.npmjs.org/yase
63 verbose url raw socket.io
64 verbose url resolving [ 'https://registry.npmjs.org/', './socket.io' ]
65 verbose url resolved https://registry.npmjs.org/socket.io
66 info trying registry request attempt 1 at 12:33:08
67 verbose etag "61247GXU9C58TYLVCLFM8SH3C"
68 http GET https://registry.npmjs.org/socket.io
69 verbose url raw refinery
70 verbose url resolving [ 'https://registry.npmjs.org/', './refinery' ]
71 verbose url resolved https://registry.npmjs.org/refinery
72 info trying registry request attempt 1 at 12:33:08
73 verbose etag "7SE7Q5UMQPFP5CK5DC7MTDD6A"
74 http GET https://registry.npmjs.org/refinery
75 verbose url raw serialport
76 verbose url resolving [ 'https://registry.npmjs.org/', './serialport' ]
77 verbose url resolved https://registry.npmjs.org/serialport
78 info trying registry request attempt 1 at 12:33:08
79 verbose etag "83L8XP8OHG9T0Z22QXZIGE8WB"
80 http GET https://registry.npmjs.org/serialport
81 verbose url raw yadb
82 verbose url resolving [ 'https://registry.npmjs.org/', './yadb' ]
83 verbose url resolved https://registry.npmjs.org/yadb
84 info trying registry request attempt 1 at 12:33:10
85 verbose etag "7P9WYNX6P9H9WRUP8HBKBAPR1"
86 http GET https://registry.npmjs.org/yadb
87 http 304 https://registry.npmjs.org/refinery
88 silly registry.get cb [ 304,
88 silly registry.get   { server: 'CouchDB/1.3.1 (Erlang OTP/R15B03)',
88 silly registry.get     etag: '"7SE7Q5UMQPFP5CK5DC7MTDD6A"',
88 silly registry.get     date: 'Sun, 22 Sep 2013 04:33:12 GMT',
88 silly registry.get     'content-length': '0' } ]
89 verbose etag refinery from cache
90 silly addNameRange number 2 { name: 'refinery', range: '*', hasData: true }
91 silly addNameRange versions [ 'refinery', [ '0.0.0', '0.0.2' ] ]
92 verbose addNamed [ 'refinery', '0.0.2' ]
93 verbose addNamed [ '0.0.2', '0.0.2' ]
94 silly lockFile cf0b69b1-refinery-0-0-2 refinery@0.0.2
95 verbose lock refinery@0.0.2 /Users/yapcheahshen/.npm/cf0b69b1-refinery-0-0-2.lock
96 http 304 https://registry.npmjs.org/serialport
97 silly registry.get cb [ 304,
97 silly registry.get   { server: 'CouchDB/1.3.1 (Erlang OTP/R15B03)',
97 silly registry.get     etag: '"83L8XP8OHG9T0Z22QXZIGE8WB"',
97 silly registry.get     date: 'Sun, 22 Sep 2013 04:33:12 GMT',
97 silly registry.get     'content-length': '0' } ]
98 verbose etag serialport from cache
99 silly addNameRange number 2 { name: 'serialport', range: '*', hasData: true }
100 silly addNameRange versions [ 'serialport',
100 silly addNameRange   [ '0.1.0',
100 silly addNameRange     '0.1.1',
100 silly addNameRange     '0.1.3',
100 silly addNameRange     '0.2.0',
100 silly addNameRange     '0.2.2',
100 silly addNameRange     '0.2.3',
100 silly addNameRange     '0.2.4',
100 silly addNameRange     '0.2.5',
100 silly addNameRange     '0.2.6',
100 silly addNameRange     '0.2.7',
100 silly addNameRange     '0.2.8',
100 silly addNameRange     '0.2.9',
100 silly addNameRange     '0.3.0',
100 silly addNameRange     '0.6.0',
100 silly addNameRange     '0.6.1',
100 silly addNameRange     '0.6.2',
100 silly addNameRange     '0.6.3',
100 silly addNameRange     '0.6.5',
100 silly addNameRange     '0.6.6',
100 silly addNameRange     '0.6.7',
100 silly addNameRange     '0.7.0',
100 silly addNameRange     '0.7.1',
100 silly addNameRange     '0.7.2',
100 silly addNameRange     '0.7.3',
100 silly addNameRange     '0.7.4',
100 silly addNameRange     '0.7.5',
100 silly addNameRange     '1.0.0',
100 silly addNameRange     '1.0.1',
100 silly addNameRange     '1.0.2',
100 silly addNameRange     '1.0.3',
100 silly addNameRange     '1.0.4',
100 silly addNameRange     '1.0.5',
100 silly addNameRange     '1.0.6',
100 silly addNameRange     '1.0.7',
100 silly addNameRange     '1.0.8',
100 silly addNameRange     '1.1.0',
100 silly addNameRange     '1.1.1',
100 silly addNameRange     '1.1.3' ] ]
101 verbose addNamed [ 'serialport', '1.1.3' ]
102 verbose addNamed [ '1.1.3', '1.1.3' ]
103 silly lockFile 34dd8f3e-serialport-1-1-3 serialport@1.1.3
104 verbose lock serialport@1.1.3 /Users/yapcheahshen/.npm/34dd8f3e-serialport-1-1-3.lock
105 silly lockFile cf0b69b1-refinery-0-0-2 refinery@0.0.2
106 silly lockFile cf0b69b1-refinery-0-0-2 refinery@0.0.2
107 silly lockFile 9f0cf5bf-refinery refinery@*
108 silly lockFile 9f0cf5bf-refinery refinery@*
109 silly lockFile 34dd8f3e-serialport-1-1-3 serialport@1.1.3
110 silly lockFile 34dd8f3e-serialport-1-1-3 serialport@1.1.3
111 silly lockFile 651e8adf-serialport serialport@*
112 silly lockFile 651e8adf-serialport serialport@*
113 http 200 https://registry.npmjs.org/vows
114 silly registry.get cb [ 200,
114 silly registry.get   { vary: 'Accept',
114 silly registry.get     server: 'CouchDB/1.3.1 (Erlang OTP/R15B03)',
114 silly registry.get     etag: '"75W3UTHS9RDLBQTI09ZRVUBN9"',
114 silly registry.get     date: 'Sun, 22 Sep 2013 04:33:12 GMT',
114 silly registry.get     'content-type': 'application/json',
114 silly registry.get     'content-length': '37846' } ]
115 silly addNameRange number 2 { name: 'vows', range: '*', hasData: true }
116 silly addNameRange versions [ 'vows',
116 silly addNameRange   [ '0.2.5',
116 silly addNameRange     '0.3.0',
116 silly addNameRange     '0.3.1',
116 silly addNameRange     '0.3.2',
116 silly addNameRange     '0.3.3',
116 silly addNameRange     '0.3.4',
116 silly addNameRange     '0.3.5',
116 silly addNameRange     '0.4.0',
116 silly addNameRange     '0.4.1',
116 silly addNameRange     '0.4.2',
116 silly addNameRange     '0.4.3',
116 silly addNameRange     '0.4.4',
116 silly addNameRange     '0.4.5',
116 silly addNameRange     '0.4.6',
116 silly addNameRange     '0.5.0',
116 silly addNameRange     '0.5.5',
116 silly addNameRange     '0.5.6',
116 silly addNameRange     '0.5.8',
116 silly addNameRange     '0.5.9',
116 silly addNameRange     '0.5.10',
116 silly addNameRange     '0.5.11',
116 silly addNameRange     '0.5.12',
116 silly addNameRange     '0.5.13',
116 silly addNameRange     '0.6.0',
116 silly addNameRange     '0.6.1',
116 silly addNameRange     '0.6.2',
116 silly addNameRange     '0.6.3',
116 silly addNameRange     '0.6.4',
116 silly addNameRange     '0.7.0' ] ]
117 verbose addNamed [ 'vows', '0.7.0' ]
118 verbose addNamed [ '0.7.0', '0.7.0' ]
119 silly lockFile 5c9f8c82-vows-0-7-0 vows@0.7.0
120 verbose lock vows@0.7.0 /Users/yapcheahshen/.npm/5c9f8c82-vows-0-7-0.lock
121 silly lockFile 937cb33b-ry-npmjs-org-vows-vows-0-7-0-tgz https://registry.npmjs.org/vows/-/vows-0.7.0.tgz
122 verbose lock https://registry.npmjs.org/vows/-/vows-0.7.0.tgz /Users/yapcheahshen/.npm/937cb33b-ry-npmjs-org-vows-vows-0-7-0-tgz.lock
123 verbose addRemoteTarball [ 'https://registry.npmjs.org/vows/-/vows-0.7.0.tgz',
123 verbose addRemoteTarball   'dd0065f110ba0c0a6d63e844851c3208176d5867' ]
124 info retry fetch attempt 1 at 12:33:12
125 verbose fetch to= /var/folders/xk/rs8d3d8s4_d9b9_d_7g0c8_h0000gp/T/npm-2813-LirST4VK/1379824392192-0.670035651884973/tmp.tgz
126 http GET https://registry.npmjs.org/vows/-/vows-0.7.0.tgz
127 http 200 https://registry.npmjs.org/yase
128 silly registry.get cb [ 200,
128 silly registry.get   { vary: 'Accept',
128 silly registry.get     server: 'CouchDB/1.3.1 (Erlang OTP/R15B03)',
128 silly registry.get     etag: '"C7C5D9M5WGZH6YE7TL95QYF6K"',
128 silly registry.get     date: 'Sun, 22 Sep 2013 04:33:12 GMT',
128 silly registry.get     'content-type': 'application/json',
128 silly registry.get     'content-length': '30801' } ]
129 silly addNameRange number 2 { name: 'yase', range: '*', hasData: true }
130 silly addNameRange versions [ 'yase',
130 silly addNameRange   [ '0.0.0',
130 silly addNameRange     '0.0.1',
130 silly addNameRange     '0.0.2',
130 silly addNameRange     '0.0.3',
130 silly addNameRange     '0.0.4',
130 silly addNameRange     '0.0.5',
130 silly addNameRange     '0.0.6',
130 silly addNameRange     '0.0.7',
130 silly addNameRange     '0.0.8',
130 silly addNameRange     '0.0.9',
130 silly addNameRange     '0.0.10',
130 silly addNameRange     '0.0.12',
130 silly addNameRange     '0.0.13',
130 silly addNameRange     '0.0.14',
130 silly addNameRange     '0.0.15',
130 silly addNameRange     '0.0.16',
130 silly addNameRange     '0.0.17',
130 silly addNameRange     '0.0.18',
130 silly addNameRange     '0.0.19',
130 silly addNameRange     '0.0.20',
130 silly addNameRange     '0.0.21',
130 silly addNameRange     '0.0.22',
130 silly addNameRange     '0.0.23',
130 silly addNameRange     '0.0.24',
130 silly addNameRange     '0.0.25',
130 silly addNameRange     '0.0.26',
130 silly addNameRange     '0.0.27',
130 silly addNameRange     '0.0.28',
130 silly addNameRange     '0.0.29',
130 silly addNameRange     '0.0.30',
130 silly addNameRange     '0.0.31',
130 silly addNameRange     '0.0.32' ] ]
131 verbose addNamed [ 'yase', '0.0.32' ]
132 verbose addNamed [ '0.0.32', '0.0.32' ]
133 silly lockFile 5e08e79e-yase-0-0-32 yase@0.0.32
134 verbose lock yase@0.0.32 /Users/yapcheahshen/.npm/5e08e79e-yase-0-0-32.lock
135 silly lockFile d2874789-y-npmjs-org-yase-yase-0-0-32-tgz https://registry.npmjs.org/yase/-/yase-0.0.32.tgz
136 verbose lock https://registry.npmjs.org/yase/-/yase-0.0.32.tgz /Users/yapcheahshen/.npm/d2874789-y-npmjs-org-yase-yase-0-0-32-tgz.lock
137 verbose addRemoteTarball [ 'https://registry.npmjs.org/yase/-/yase-0.0.32.tgz',
137 verbose addRemoteTarball   '2a091d95f5246d3dd9ee81c605336d40d4928e00' ]
138 info retry fetch attempt 1 at 12:33:12
139 verbose fetch to= /var/folders/xk/rs8d3d8s4_d9b9_d_7g0c8_h0000gp/T/npm-2813-LirST4VK/1379824392214-0.8843148788437247/tmp.tgz
140 http GET https://registry.npmjs.org/yase/-/yase-0.0.32.tgz
141 http 200 https://registry.npmjs.org/yadb
142 silly registry.get cb [ 200,
142 silly registry.get   { vary: 'Accept',
142 silly registry.get     server: 'CouchDB/1.3.1 (Erlang OTP/R15B03)',
142 silly registry.get     etag: '"F0BTZGTWKLG8T0YPWJU7DT3HX"',
142 silly registry.get     date: 'Sun, 22 Sep 2013 04:33:12 GMT',
142 silly registry.get     'content-type': 'application/json',
142 silly registry.get     'content-length': '16471' } ]
143 silly addNameRange number 2 { name: 'yadb', range: '*', hasData: true }
144 silly addNameRange versions [ 'yadb',
144 silly addNameRange   [ '0.0.0',
144 silly addNameRange     '0.0.1',
144 silly addNameRange     '0.0.2',
144 silly addNameRange     '0.0.3',
144 silly addNameRange     '0.0.4',
144 silly addNameRange     '0.0.5',
144 silly addNameRange     '0.0.6',
144 silly addNameRange     '0.0.7',
144 silly addNameRange     '0.0.8',
144 silly addNameRange     '0.0.9',
144 silly addNameRange     '0.0.10',
144 silly addNameRange     '0.0.11',
144 silly addNameRange     '0.0.12',
144 silly addNameRange     '0.0.13',
144 silly addNameRange     '0.0.14',
144 silly addNameRange     '0.0.15',
144 silly addNameRange     '0.0.16',
144 silly addNameRange     '0.0.17' ] ]
145 verbose addNamed [ 'yadb', '0.0.17' ]
146 verbose addNamed [ '0.0.17', '0.0.17' ]
147 silly lockFile 297119e2-yadb-0-0-17 yadb@0.0.17
148 verbose lock yadb@0.0.17 /Users/yapcheahshen/.npm/297119e2-yadb-0-0-17.lock
149 silly lockFile aca23bc6-y-npmjs-org-yadb-yadb-0-0-17-tgz https://registry.npmjs.org/yadb/-/yadb-0.0.17.tgz
150 verbose lock https://registry.npmjs.org/yadb/-/yadb-0.0.17.tgz /Users/yapcheahshen/.npm/aca23bc6-y-npmjs-org-yadb-yadb-0-0-17-tgz.lock
151 verbose addRemoteTarball [ 'https://registry.npmjs.org/yadb/-/yadb-0.0.17.tgz',
151 verbose addRemoteTarball   '421ff4cbb61975777d0c9e47f3ab64de02c5bc31' ]
152 info retry fetch attempt 1 at 12:33:12
153 verbose fetch to= /var/folders/xk/rs8d3d8s4_d9b9_d_7g0c8_h0000gp/T/npm-2813-LirST4VK/1379824392223-0.7670164187438786/tmp.tgz
154 http GET https://registry.npmjs.org/yadb/-/yadb-0.0.17.tgz
155 http 200 https://registry.npmjs.org/socket.io
156 silly registry.get cb [ 200,
156 silly registry.get   { vary: 'Accept',
156 silly registry.get     server: 'CouchDB/1.3.1 (Erlang OTP/R15B03)',
156 silly registry.get     etag: '"1ETH3XN4N1KL0L0SBBFHDFU2M"',
156 silly registry.get     date: 'Sun, 22 Sep 2013 04:33:12 GMT',
156 silly registry.get     'content-type': 'application/json',
156 silly registry.get     'content-length': '230338' } ]
157 silly addNameRange number 2 { name: 'socket.io', range: '*', hasData: true }
158 silly addNameRange versions [ 'socket.io',
158 silly addNameRange   [ '0.3.8',
158 silly addNameRange     '0.4.0',
158 silly addNameRange     '0.4.1',
158 silly addNameRange     '0.5.1',
158 silly addNameRange     '0.5.3',
158 silly addNameRange     '0.6.0',
158 silly addNameRange     '0.6.1',
158 silly addNameRange     '0.6.3',
158 silly addNameRange     '0.6.4',
158 silly addNameRange     '0.6.5',
158 silly addNameRange     '0.6.6',
158 silly addNameRange     '0.6.7',
158 silly addNameRange     '0.6.8',
158 silly addNameRange     '0.6.9',
158 silly addNameRange     '0.6.10',
158 silly addNameRange     '0.6.11',
158 silly addNameRange     '0.6.12',
158 silly addNameRange     '0.6.14',
158 silly addNameRange     '0.6.15',
158 silly addNameRange     '0.6.16',
158 silly addNameRange     '0.6.17',
158 silly addNameRange     '0.6.18',
158 silly addNameRange     '0.7.0',
158 silly addNameRange     '0.7.1',
158 silly addNameRange     '0.7.2',
158 silly addNameRange     '0.7.3',
158 silly addNameRange     '0.7.4',
158 silly addNameRange     '0.7.5',
158 silly addNameRange     '0.7.6',
158 silly addNameRange     '0.7.7',
158 silly addNameRange     '0.7.8',
158 silly addNameRange     '0.7.9',
158 silly addNameRange     '0.7.10',
158 silly addNameRange     '0.7.11',
158 silly addNameRange     '0.8.0',
158 silly addNameRange     '0.8.1',
158 silly addNameRange     '0.8.2',
158 silly addNameRange     '0.8.3',
158 silly addNameRange     '0.8.4',
158 silly addNameRange     '0.8.5',
158 silly addNameRange     '0.8.6',
158 silly addNameRange     '0.8.7',
158 silly addNameRange     '0.9.0',
158 silly addNameRange     '0.9.1',
158 silly addNameRange     '0.9.1-1',
158 silly addNameRange     '0.9.2',
158 silly addNameRange     '0.9.3',
158 silly addNameRange     '0.9.4',
158 silly addNameRange     '0.9.5',
158 silly addNameRange     '0.9.6',
158 silly addNameRange     '0.9.7',
158 silly addNameRange     '0.9.8',
158 silly addNameRange     '0.9.9',
158 silly addNameRange     '0.9.10',
158 silly addNameRange     '0.9.11',
158 silly addNameRange     '0.9.12',
158 silly addNameRange     '0.9.13',
158 silly addNameRange     '0.9.14',
158 silly addNameRange     '0.9.15',
158 silly addNameRange     '0.9.16' ] ]
159 verbose addNamed [ 'socket.io', '0.9.16' ]
160 verbose addNamed [ '0.9.16', '0.9.16' ]
161 silly lockFile a7acce22-socket-io-0-9-16 socket.io@0.9.16
162 verbose lock socket.io@0.9.16 /Users/yapcheahshen/.npm/a7acce22-socket-io-0-9-16.lock
163 silly lockFile a7acce22-socket-io-0-9-16 socket.io@0.9.16
164 silly lockFile a7acce22-socket-io-0-9-16 socket.io@0.9.16
165 silly lockFile 141fbf03-socket-io socket.io@*
166 silly lockFile 141fbf03-socket-io socket.io@*
167 http 200 https://registry.npmjs.org/vows/-/vows-0.7.0.tgz
168 http 200 https://registry.npmjs.org/yase/-/yase-0.0.32.tgz
169 http 200 https://registry.npmjs.org/yadb/-/yadb-0.0.17.tgz
170 verbose tar unpack /var/folders/xk/rs8d3d8s4_d9b9_d_7g0c8_h0000gp/T/npm-2813-LirST4VK/1379824392223-0.7670164187438786/tmp.tgz
171 silly lockFile 09b9d3a6-92223-0-7670164187438786-package tar:///var/folders/xk/rs8d3d8s4_d9b9_d_7g0c8_h0000gp/T/npm-2813-LirST4VK/1379824392223-0.7670164187438786/package
172 verbose lock tar:///var/folders/xk/rs8d3d8s4_d9b9_d_7g0c8_h0000gp/T/npm-2813-LirST4VK/1379824392223-0.7670164187438786/package /Users/yapcheahshen/.npm/09b9d3a6-92223-0-7670164187438786-package.lock
173 silly lockFile e8649dc7-92223-0-7670164187438786-tmp-tgz tar:///var/folders/xk/rs8d3d8s4_d9b9_d_7g0c8_h0000gp/T/npm-2813-LirST4VK/1379824392223-0.7670164187438786/tmp.tgz
174 verbose lock tar:///var/folders/xk/rs8d3d8s4_d9b9_d_7g0c8_h0000gp/T/npm-2813-LirST4VK/1379824392223-0.7670164187438786/tmp.tgz /Users/yapcheahshen/.npm/e8649dc7-92223-0-7670164187438786-tmp-tgz.lock
175 silly gunzTarPerm modes [ '755', '644' ]
176 silly gunzTarPerm extractEntry package.json
177 silly gunzTarPerm modified mode [ 'package.json', 438, 420 ]
178 silly gunzTarPerm extractEntry README.md
179 silly gunzTarPerm modified mode [ 'README.md', 438, 420 ]
180 silly gunzTarPerm extractEntry LICENSE
181 silly gunzTarPerm modified mode [ 'LICENSE', 438, 420 ]
182 silly gunzTarPerm extractEntry dump.js
183 silly gunzTarPerm modified mode [ 'dump.js', 438, 420 ]
184 silly gunzTarPerm extractEntry yadb3_fs.js
185 silly gunzTarPerm modified mode [ 'yadb3_fs.js', 438, 420 ]
186 silly gunzTarPerm extractEntry index.js
187 silly gunzTarPerm modified mode [ 'index.js', 438, 420 ]
188 silly gunzTarPerm extractEntry yadb3w.js
189 silly gunzTarPerm modified mode [ 'yadb3w.js', 438, 420 ]
190 silly gunzTarPerm extractEntry yadb3w_fs.js
191 silly gunzTarPerm modified mode [ 'yadb3w_fs.js', 438, 420 ]
192 silly gunzTarPerm extractEntry yadb3w_turbofs.js
193 silly gunzTarPerm modified mode [ 'yadb3w_turbofs.js', 438, 420 ]
194 silly gunzTarPerm extractEntry yadb_api.js
195 silly gunzTarPerm modified mode [ 'yadb_api.js', 438, 420 ]
196 silly gunzTarPerm extractEntry yadb3.js
197 silly gunzTarPerm modified mode [ 'yadb3.js', 438, 420 ]
198 silly gunzTarPerm extractEntry test/bigfile.js
199 silly gunzTarPerm modified mode [ 'test/bigfile.js', 438, 420 ]
200 silly gunzTarPerm extractEntry test/yadb3-test.js
201 silly gunzTarPerm modified mode [ 'test/yadb3-test.js', 438, 420 ]
202 silly gunzTarPerm extractEntry test/yadb3w-test.js
203 silly gunzTarPerm modified mode [ 'test/yadb3w-test.js', 438, 420 ]
204 silly gunzTarPerm extractEntry test/yadm-test.js
205 silly gunzTarPerm modified mode [ 'test/yadm-test.js', 438, 420 ]
206 silly gunzTarPerm extractEntry test/yadm3-test.js
207 silly gunzTarPerm modified mode [ 'test/yadm3-test.js', 438, 420 ]
208 silly gunzTarPerm extractEntry test/qq
209 silly gunzTarPerm modified mode [ 'test/qq', 438, 420 ]
210 silly gunzTarPerm extractEntry test/arr_varw.ydb
211 silly gunzTarPerm modified mode [ 'test/arr_varw.ydb', 438, 420 ]
212 silly gunzTarPerm extractEntry test/arr_arr_i8.ydb
213 silly gunzTarPerm modified mode [ 'test/arr_arr_i8.ydb', 438, 420 ]
214 silly gunzTarPerm extractEntry test/blobw.ydb
215 silly gunzTarPerm modified mode [ 'test/blobw.ydb', 438, 420 ]
216 silly gunzTarPerm extractEntry test/boolw.ydb
217 silly gunzTarPerm modified mode [ 'test/boolw.ydb', 438, 420 ]
218 silly gunzTarPerm extractEntry test/i32.ydb
219 silly gunzTarPerm modified mode [ 'test/i32.ydb', 438, 420 ]
220 silly gunzTarPerm extractEntry test/i32w.ydb
221 silly gunzTarPerm modified mode [ 'test/i32w.ydb', 438, 420 ]
222 silly gunzTarPerm extractEntry test/i8.ydb
223 silly gunzTarPerm modified mode [ 'test/i8.ydb', 438, 420 ]
224 silly gunzTarPerm extractEntry test/i8w.ydb
225 silly gunzTarPerm modified mode [ 'test/i8w.ydb', 438, 420 ]
226 silly gunzTarPerm extractEntry test/json.ydb
227 silly gunzTarPerm modified mode [ 'test/json.ydb', 438, 420 ]
228 silly gunzTarPerm extractEntry test/obj.ydb
229 silly gunzTarPerm modified mode [ 'test/obj.ydb', 438, 420 ]
230 silly gunzTarPerm extractEntry test/obj_arr.ydb
231 silly gunzTarPerm modified mode [ 'test/obj_arr.ydb', 438, 420 ]
232 silly gunzTarPerm extractEntry test/pint.ydb
233 silly gunzTarPerm modified mode [ 'test/pint.ydb', 438, 420 ]
234 silly gunzTarPerm extractEntry test/pintw.ydb
235 silly gunzTarPerm modified mode [ 'test/pintw.ydb', 438, 420 ]
236 silly gunzTarPerm extractEntry test/arr_ucs2.ydb
237 silly gunzTarPerm modified mode [ 'test/arr_ucs2.ydb', 438, 420 ]
238 silly gunzTarPerm extractEntry test/sample.ydb
239 silly gunzTarPerm modified mode [ 'test/sample.ydb', 438, 420 ]
240 silly gunzTarPerm extractEntry test/test.png
241 silly gunzTarPerm modified mode [ 'test/test.png', 438, 420 ]
242 silly gunzTarPerm extractEntry test/test_arr_cd
243 silly gunzTarPerm modified mode [ 'test/test_arr_cd', 438, 420 ]
244 silly gunzTarPerm extractEntry test/ucs2.ydb
245 silly gunzTarPerm modified mode [ 'test/ucs2.ydb', 438, 420 ]
246 silly gunzTarPerm extractEntry test/ucs2w.ydb
247 silly gunzTarPerm modified mode [ 'test/ucs2w.ydb', 438, 420 ]
248 silly gunzTarPerm extractEntry test/utf8.ydb
249 silly gunzTarPerm modified mode [ 'test/utf8.ydb', 438, 420 ]
250 silly gunzTarPerm extractEntry test/utf8bom.txt
251 silly gunzTarPerm modified mode [ 'test/utf8bom.txt', 438, 420 ]
252 silly gunzTarPerm extractEntry test/utf8w.ydb
253 silly gunzTarPerm modified mode [ 'test/utf8w.ydb', 438, 420 ]
254 silly gunzTarPerm extractEntry test/utf8_o.txt
255 silly gunzTarPerm modified mode [ 'test/utf8_o.txt', 438, 420 ]
256 silly gunzTarPerm extractEntry test/utf8_or.txt
257 silly gunzTarPerm modified mode [ 'test/utf8_or.txt', 438, 420 ]
258 silly gunzTarPerm extractEntry test/utf8_or2.txt
259 silly gunzTarPerm modified mode [ 'test/utf8_or2.txt', 438, 420 ]
260 silly gunzTarPerm extractEntry test/vint.ydb
261 silly gunzTarPerm modified mode [ 'test/vint.ydb', 438, 420 ]
262 silly gunzTarPerm extractEntry test/vintw.ydb
263 silly gunzTarPerm modified mode [ 'test/vintw.ydb', 438, 420 ]
264 silly gunzTarPerm extractEntry test/arr_ucs2w.ydb
265 silly gunzTarPerm modified mode [ 'test/arr_ucs2w.ydb', 438, 420 ]
266 silly gunzTarPerm extractEntry test/arr_utf8.ydb
267 silly gunzTarPerm modified mode [ 'test/arr_utf8.ydb', 438, 420 ]
268 silly gunzTarPerm extractEntry test/arr_utf8w.ydb
269 silly gunzTarPerm modified mode [ 'test/arr_utf8w.ydb', 438, 420 ]
270 silly gunzTarPerm extractEntry test/arr_var.ydb
271 silly gunzTarPerm modified mode [ 'test/arr_var.ydb', 438, 420 ]
272 silly gunzTarPerm extractEntry test/yadm4.xml
273 silly gunzTarPerm modified mode [ 'test/yadm4.xml', 438, 420 ]
274 silly lockFile 09b9d3a6-92223-0-7670164187438786-package tar:///var/folders/xk/rs8d3d8s4_d9b9_d_7g0c8_h0000gp/T/npm-2813-LirST4VK/1379824392223-0.7670164187438786/package
275 silly lockFile 09b9d3a6-92223-0-7670164187438786-package tar:///var/folders/xk/rs8d3d8s4_d9b9_d_7g0c8_h0000gp/T/npm-2813-LirST4VK/1379824392223-0.7670164187438786/package
276 silly lockFile e8649dc7-92223-0-7670164187438786-tmp-tgz tar:///var/folders/xk/rs8d3d8s4_d9b9_d_7g0c8_h0000gp/T/npm-2813-LirST4VK/1379824392223-0.7670164187438786/tmp.tgz
277 silly lockFile e8649dc7-92223-0-7670164187438786-tmp-tgz tar:///var/folders/xk/rs8d3d8s4_d9b9_d_7g0c8_h0000gp/T/npm-2813-LirST4VK/1379824392223-0.7670164187438786/tmp.tgz
278 verbose tar pack [ '/Users/yapcheahshen/.npm/yadb/0.0.17/package.tgz',
278 verbose tar pack   '/var/folders/xk/rs8d3d8s4_d9b9_d_7g0c8_h0000gp/T/npm-2813-LirST4VK/1379824392223-0.7670164187438786/package' ]
279 verbose tarball /Users/yapcheahshen/.npm/yadb/0.0.17/package.tgz
280 verbose folder /var/folders/xk/rs8d3d8s4_d9b9_d_7g0c8_h0000gp/T/npm-2813-LirST4VK/1379824392223-0.7670164187438786/package
281 silly lockFile 09b9d3a6-92223-0-7670164187438786-package tar:///var/folders/xk/rs8d3d8s4_d9b9_d_7g0c8_h0000gp/T/npm-2813-LirST4VK/1379824392223-0.7670164187438786/package
282 verbose lock tar:///var/folders/xk/rs8d3d8s4_d9b9_d_7g0c8_h0000gp/T/npm-2813-LirST4VK/1379824392223-0.7670164187438786/package /Users/yapcheahshen/.npm/09b9d3a6-92223-0-7670164187438786-package.lock
283 silly lockFile 34f83c21-shen-npm-yadb-0-0-17-package-tgz tar:///Users/yapcheahshen/.npm/yadb/0.0.17/package.tgz
284 verbose lock tar:///Users/yapcheahshen/.npm/yadb/0.0.17/package.tgz /Users/yapcheahshen/.npm/34f83c21-shen-npm-yadb-0-0-17-package-tgz.lock
285 verbose tar unpack /var/folders/xk/rs8d3d8s4_d9b9_d_7g0c8_h0000gp/T/npm-2813-LirST4VK/1379824392192-0.670035651884973/tmp.tgz
286 silly lockFile 00de9f95-392192-0-670035651884973-package tar:///var/folders/xk/rs8d3d8s4_d9b9_d_7g0c8_h0000gp/T/npm-2813-LirST4VK/1379824392192-0.670035651884973/package
287 verbose lock tar:///var/folders/xk/rs8d3d8s4_d9b9_d_7g0c8_h0000gp/T/npm-2813-LirST4VK/1379824392192-0.670035651884973/package /Users/yapcheahshen/.npm/00de9f95-392192-0-670035651884973-package.lock
288 silly lockFile 5ce8043f-392192-0-670035651884973-tmp-tgz tar:///var/folders/xk/rs8d3d8s4_d9b9_d_7g0c8_h0000gp/T/npm-2813-LirST4VK/1379824392192-0.670035651884973/tmp.tgz
289 verbose lock tar:///var/folders/xk/rs8d3d8s4_d9b9_d_7g0c8_h0000gp/T/npm-2813-LirST4VK/1379824392192-0.670035651884973/tmp.tgz /Users/yapcheahshen/.npm/5ce8043f-392192-0-670035651884973-tmp-tgz.lock
290 silly gunzTarPerm modes [ '755', '644' ]
291 silly gunzTarPerm extractEntry package.json
292 silly gunzTarPerm extractEntry .npmignore
293 silly gunzTarPerm extractEntry README.md
294 silly gunzTarPerm extractEntry LICENSE
295 silly gunzTarPerm extractEntry .travis.yml
296 silly lockFile 09b9d3a6-92223-0-7670164187438786-package tar:///var/folders/xk/rs8d3d8s4_d9b9_d_7g0c8_h0000gp/T/npm-2813-LirST4VK/1379824392223-0.7670164187438786/package
297 silly lockFile 09b9d3a6-92223-0-7670164187438786-package tar:///var/folders/xk/rs8d3d8s4_d9b9_d_7g0c8_h0000gp/T/npm-2813-LirST4VK/1379824392223-0.7670164187438786/package
298 silly lockFile 34f83c21-shen-npm-yadb-0-0-17-package-tgz tar:///Users/yapcheahshen/.npm/yadb/0.0.17/package.tgz
299 silly lockFile 34f83c21-shen-npm-yadb-0-0-17-package-tgz tar:///Users/yapcheahshen/.npm/yadb/0.0.17/package.tgz
300 silly gunzTarPerm extractEntry Makefile
301 silly gunzTarPerm extractEntry bin/vows
302 silly lockFile fb198d17-heahshen-npm-yadb-0-0-17-package /Users/yapcheahshen/.npm/yadb/0.0.17/package
303 verbose lock /Users/yapcheahshen/.npm/yadb/0.0.17/package /Users/yapcheahshen/.npm/fb198d17-heahshen-npm-yadb-0-0-17-package.lock
304 silly lockFile fb198d17-heahshen-npm-yadb-0-0-17-package /Users/yapcheahshen/.npm/yadb/0.0.17/package
305 silly lockFile fb198d17-heahshen-npm-yadb-0-0-17-package /Users/yapcheahshen/.npm/yadb/0.0.17/package
306 verbose tar unpack /Users/yapcheahshen/.npm/yadb/0.0.17/package.tgz
307 silly lockFile 084ac6d5-heahshen-npm-yadb-0-0-17-package tar:///Users/yapcheahshen/.npm/yadb/0.0.17/package
308 verbose lock tar:///Users/yapcheahshen/.npm/yadb/0.0.17/package /Users/yapcheahshen/.npm/084ac6d5-heahshen-npm-yadb-0-0-17-package.lock
309 silly lockFile 34f83c21-shen-npm-yadb-0-0-17-package-tgz tar:///Users/yapcheahshen/.npm/yadb/0.0.17/package.tgz
310 verbose lock tar:///Users/yapcheahshen/.npm/yadb/0.0.17/package.tgz /Users/yapcheahshen/.npm/34f83c21-shen-npm-yadb-0-0-17-package-tgz.lock
311 silly gunzTarPerm modes [ '755', '644' ]
312 silly gunzTarPerm extractEntry lib/vows.js
313 silly gunzTarPerm extractEntry package.json
314 silly gunzTarPerm extractEntry README.md
315 silly gunzTarPerm extractEntry LICENSE
316 silly gunzTarPerm extractEntry lib/assert/error.js
317 silly gunzTarPerm extractEntry lib/assert/macros.js
318 silly gunzTarPerm extractEntry dump.js
319 silly gunzTarPerm extractEntry lib/assert/utils.js
320 silly gunzTarPerm extractEntry lib/utils/wildcard.js
321 silly gunzTarPerm extractEntry index.js
322 silly gunzTarPerm extractEntry yadb3w_turbofs.js
323 silly gunzTarPerm extractEntry lib/vows/console.js
324 silly gunzTarPerm extractEntry lib/vows/context.js
325 verbose tar unpack /var/folders/xk/rs8d3d8s4_d9b9_d_7g0c8_h0000gp/T/npm-2813-LirST4VK/1379824392214-0.8843148788437247/tmp.tgz
326 silly lockFile 2c6a214f-92214-0-8843148788437247-package tar:///var/folders/xk/rs8d3d8s4_d9b9_d_7g0c8_h0000gp/T/npm-2813-LirST4VK/1379824392214-0.8843148788437247/package
327 verbose lock tar:///var/folders/xk/rs8d3d8s4_d9b9_d_7g0c8_h0000gp/T/npm-2813-LirST4VK/1379824392214-0.8843148788437247/package /Users/yapcheahshen/.npm/2c6a214f-92214-0-8843148788437247-package.lock
328 silly lockFile 5f03e5bf-92214-0-8843148788437247-tmp-tgz tar:///var/folders/xk/rs8d3d8s4_d9b9_d_7g0c8_h0000gp/T/npm-2813-LirST4VK/1379824392214-0.8843148788437247/tmp.tgz
329 verbose lock tar:///var/folders/xk/rs8d3d8s4_d9b9_d_7g0c8_h0000gp/T/npm-2813-LirST4VK/1379824392214-0.8843148788437247/tmp.tgz /Users/yapcheahshen/.npm/5f03e5bf-92214-0-8843148788437247-tmp-tgz.lock
330 silly gunzTarPerm modes [ '755', '644' ]
331 silly gunzTarPerm extractEntry package.json
332 silly gunzTarPerm modified mode [ 'package.json', 438, 420 ]
333 silly gunzTarPerm extractEntry README.md
334 silly gunzTarPerm modified mode [ 'README.md', 438, 420 ]
335 silly gunzTarPerm extractEntry LICENSE
336 silly gunzTarPerm modified mode [ 'LICENSE', 438, 420 ]
337 silly gunzTarPerm extractEntry schema.js
338 silly gunzTarPerm modified mode [ 'schema.js', 438, 420 ]
339 silly gunzTarPerm extractEntry search.js
340 silly gunzTarPerm modified mode [ 'search.js', 438, 420 ]
341 silly gunzTarPerm extractEntry plist.js
342 silly gunzTarPerm modified mode [ 'plist.js', 438, 420 ]
343 silly gunzTarPerm extractEntry lib/vows/extras.js
344 silly gunzTarPerm extractEntry lib/vows/suite.js
345 silly gunzTarPerm extractEntry yadb3_fs.js
346 silly gunzTarPerm extractEntry yadb3w.js
347 silly gunzTarPerm extractEntry lib/vows/coverage/file.js
348 silly gunzTarPerm extractEntry lib/vows/coverage/report-html.js
349 silly gunzTarPerm extractEntry yadb3w_fs.js
350 silly gunzTarPerm extractEntry yadb_api.js
351 silly gunzTarPerm extractEntry yadb3.js
352 silly gunzTarPerm extractEntry test/bigfile.js
353 silly gunzTarPerm extractEntry lib/vows/coverage/report-json.js
354 silly gunzTarPerm extractEntry lib/vows/coverage/report-plain.js
355 silly gunzTarPerm extractEntry test/yadb3-test.js
356 silly gunzTarPerm extractEntry test/yadb3w-test.js
357 silly gunzTarPerm extractEntry blob.js
358 silly gunzTarPerm modified mode [ 'blob.js', 438, 420 ]
359 silly gunzTarPerm extractEntry taghandlers.js
360 silly gunzTarPerm modified mode [ 'taghandlers.js', 438, 420 ]
361 silly gunzTarPerm extractEntry lib/vows/coverage/report-xml.js
362 silly gunzTarPerm extractEntry lib/vows/coverage/fragments/coverage-foot.html
363 silly gunzTarPerm extractEntry test/yadm-test.js
364 silly gunzTarPerm extractEntry test/yadm3-test.js
365 silly gunzTarPerm extractEntry yasew1.js
366 silly gunzTarPerm modified mode [ 'yasew1.js', 438, 420 ]
367 silly gunzTarPerm extractEntry tokenize.js
368 silly gunzTarPerm modified mode [ 'tokenize.js', 438, 420 ]
369 silly gunzTarPerm extractEntry lib/vows/coverage/fragments/coverage-head.html
370 silly gunzTarPerm extractEntry lib/vows/reporters/dot-matrix.js
371 silly gunzTarPerm extractEntry tokens.js
372 silly gunzTarPerm modified mode [ 'tokens.js', 438, 420 ]
373 silly gunzTarPerm extractEntry binarysearch.js
374 silly gunzTarPerm modified mode [ 'binarysearch.js', 438, 420 ]
375 silly gunzTarPerm extractEntry test/qq
376 silly gunzTarPerm extractEntry test/arr_varw.ydb
377 silly gunzTarPerm extractEntry lib/vows/reporters/json.js
378 silly gunzTarPerm extractEntry lib/vows/reporters/silent.js
379 silly gunzTarPerm extractEntry wrench.js
380 silly gunzTarPerm modified mode [ 'wrench.js', 438, 420 ]
381 silly gunzTarPerm extractEntry yase.js
382 silly gunzTarPerm modified mode [ 'yase.js', 438, 420 ]
383 silly gunzTarPerm extractEntry test/arr_arr_i8.ydb
384 silly gunzTarPerm extractEntry test/blobw.ydb
385 silly gunzTarPerm extractEntry lib/vows/reporters/spec.js
386 silly gunzTarPerm extractEntry lib/vows/reporters/tap.js
387 silly gunzTarPerm extractEntry invert.js
388 silly gunzTarPerm modified mode [ 'invert.js', 438, 420 ]
389 silly gunzTarPerm extractEntry yasebuild.js
390 silly gunzTarPerm modified mode [ 'yasebuild.js', 438, 420 ]
391 silly gunzTarPerm extractEntry test/boolw.ydb
392 silly gunzTarPerm extractEntry test/i32.ydb
393 silly gunzTarPerm extractEntry lib/vows/reporters/watch.js
394 silly gunzTarPerm extractEntry lib/vows/reporters/xunit.js
395 silly gunzTarPerm extractEntry test/VowsCamelCaseTest.js
396 silly gunzTarPerm extractEntry test/assert-test.js
397 silly gunzTarPerm extractEntry index.js
398 silly gunzTarPerm modified mode [ 'index.js', 438, 420 ]
399 silly gunzTarPerm extractEntry yasebuild1.js
400 silly gunzTarPerm modified mode [ 'yasebuild1.js', 438, 420 ]
401 silly gunzTarPerm extractEntry test/i32w.ydb
402 silly gunzTarPerm extractEntry test/i8.ydb
403 silly gunzTarPerm extractEntry test/i8w.ydb
404 silly gunzTarPerm extractEntry test/json.ydb
405 silly gunzTarPerm extractEntry test/isolate-test.js
406 silly gunzTarPerm extractEntry test/supress-stdout-test.js
407 silly gunzTarPerm extractEntry test/obj.ydb
408 silly gunzTarPerm extractEntry test/obj_arr.ydb
409 silly gunzTarPerm extractEntry genschema.js
410 silly gunzTarPerm modified mode [ 'genschema.js', 438, 420 ]
411 silly gunzTarPerm extractEntry yasecustom.js
412 silly gunzTarPerm modified mode [ 'yasecustom.js', 438, 420 ]
413 silly gunzTarPerm extractEntry test/vows-error-test.js
414 silly gunzTarPerm extractEntry test/vows-test.js
415 silly gunzTarPerm extractEntry diff.js
416 silly gunzTarPerm modified mode [ 'diff.js', 438, 420 ]
417 silly gunzTarPerm extractEntry yasew.js
418 silly gunzTarPerm modified mode [ 'yasew.js', 438, 420 ]
419 silly gunzTarPerm extractEntry test/pint.ydb
420 silly gunzTarPerm extractEntry test/pintw.ydb
421 silly gunzTarPerm extractEntry splitter.js
422 silly gunzTarPerm modified mode [ 'splitter.js', 438, 420 ]
423 silly gunzTarPerm extractEntry yase_api.js
424 silly gunzTarPerm modified mode [ 'yase_api.js', 438, 420 ]
425 silly gunzTarPerm extractEntry test/vows_underscore_test.js
426 silly gunzTarPerm extractEntry test/fixtures/isolate/failing.js
427 silly gunzTarPerm extractEntry test/arr_ucs2.ydb
428 silly gunzTarPerm extractEntry test/sample.ydb
429 silly gunzTarPerm extractEntry test/fixtures/isolate/log.js
430 silly gunzTarPerm extractEntry test/fixtures/isolate/passing.js
431 silly gunzTarPerm extractEntry tag.js
432 silly gunzTarPerm modified mode [ 'tag.js', 438, 420 ]
433 silly gunzTarPerm extractEntry test/test.png
434 silly gunzTarPerm extractEntry test/test_arr_cd
435 silly gunzTarPerm extractEntry test/fixtures/isolate/stderr.js
436 silly gunzTarPerm extractEntry test/fixtures/supress-stdout/output.js
437 silly gunzTarPerm extractEntry test/ucs2.ydb
438 silly gunzTarPerm extractEntry test/ucs2w.ydb
439 silly gunzTarPerm extractEntry test/utf8.ydb
440 silly gunzTarPerm extractEntry test/utf8_o.txt
441 silly gunzTarPerm extractEntry test/utf8_or.txt
442 silly gunzTarPerm extractEntry test/utf8_or2.txt
443 silly gunzTarPerm extractEntry test/utf8bom.txt
444 silly gunzTarPerm extractEntry test/utf8w.ydb
445 silly gunzTarPerm extractEntry test/yasew-test.js
446 silly gunzTarPerm modified mode [ 'test/yasew-test.js', 438, 420 ]
447 silly gunzTarPerm extractEntry test/test.js
448 silly gunzTarPerm modified mode [ 'test/test.js', 438, 420 ]
449 silly gunzTarPerm extractEntry test/vint.ydb
450 silly gunzTarPerm extractEntry test/vintw.ydb
451 silly gunzTarPerm extractEntry test/arr_ucs2w.ydb
452 silly gunzTarPerm extractEntry test/arr_utf8.ydb
453 silly gunzTarPerm extractEntry test/arr_utf8w.ydb
454 silly gunzTarPerm extractEntry test/arr_var.ydb
455 silly gunzTarPerm extractEntry test/yadm4.xml
456 silly gunzTarPerm extractEntry test/tokenize-test.js
457 silly gunzTarPerm modified mode [ 'test/tokenize-test.js', 438, 420 ]
458 silly gunzTarPerm extractEntry test/yase-test.js
459 silly gunzTarPerm modified mode [ 'test/yase-test.js', 438, 420 ]
460 silly gunzTarPerm extractEntry test/test.xml
461 silly gunzTarPerm modified mode [ 'test/test.xml', 438, 420 ]
462 silly gunzTarPerm extractEntry test/test.ydb
463 silly gunzTarPerm modified mode [ 'test/test.ydb', 438, 420 ]
464 silly gunzTarPerm extractEntry test/daodejin.xml
465 silly gunzTarPerm modified mode [ 'test/daodejin.xml', 438, 420 ]
466 silly gunzTarPerm extractEntry test/test2.ydb
467 silly gunzTarPerm modified mode [ 'test/test2.ydb', 438, 420 ]
468 silly gunzTarPerm extractEntry test/test3.ydb
469 silly gunzTarPerm modified mode [ 'test/test3.ydb', 438, 420 ]
470 silly gunzTarPerm extractEntry test/daodejin.txt
471 silly gunzTarPerm modified mode [ 'test/daodejin.txt', 438, 420 ]
472 silly gunzTarPerm extractEntry test/test.lst
473 silly gunzTarPerm modified mode [ 'test/test.lst', 438, 420 ]
474 silly gunzTarPerm extractEntry test/test2.xml
475 silly gunzTarPerm modified mode [ 'test/test2.xml', 438, 420 ]
476 silly lockFile 084ac6d5-heahshen-npm-yadb-0-0-17-package tar:///Users/yapcheahshen/.npm/yadb/0.0.17/package
477 silly lockFile 084ac6d5-heahshen-npm-yadb-0-0-17-package tar:///Users/yapcheahshen/.npm/yadb/0.0.17/package
478 silly lockFile 34f83c21-shen-npm-yadb-0-0-17-package-tgz tar:///Users/yapcheahshen/.npm/yadb/0.0.17/package.tgz
479 silly lockFile 34f83c21-shen-npm-yadb-0-0-17-package-tgz tar:///Users/yapcheahshen/.npm/yadb/0.0.17/package.tgz
480 verbose chmod /Users/yapcheahshen/.npm/yadb/0.0.17/package.tgz 644
481 verbose chown /Users/yapcheahshen/.npm/yadb/0.0.17/package.tgz [ 502, 20 ]
482 silly lockFile aca23bc6-y-npmjs-org-yadb-yadb-0-0-17-tgz https://registry.npmjs.org/yadb/-/yadb-0.0.17.tgz
483 silly lockFile aca23bc6-y-npmjs-org-yadb-yadb-0-0-17-tgz https://registry.npmjs.org/yadb/-/yadb-0.0.17.tgz
484 silly lockFile 297119e2-yadb-0-0-17 yadb@0.0.17
485 silly lockFile 297119e2-yadb-0-0-17 yadb@0.0.17
486 silly lockFile da133cdf-yadb yadb@*
487 silly lockFile da133cdf-yadb yadb@*
488 silly lockFile 00de9f95-392192-0-670035651884973-package tar:///var/folders/xk/rs8d3d8s4_d9b9_d_7g0c8_h0000gp/T/npm-2813-LirST4VK/1379824392192-0.670035651884973/package
489 silly lockFile 00de9f95-392192-0-670035651884973-package tar:///var/folders/xk/rs8d3d8s4_d9b9_d_7g0c8_h0000gp/T/npm-2813-LirST4VK/1379824392192-0.670035651884973/package
490 silly lockFile 5ce8043f-392192-0-670035651884973-tmp-tgz tar:///var/folders/xk/rs8d3d8s4_d9b9_d_7g0c8_h0000gp/T/npm-2813-LirST4VK/1379824392192-0.670035651884973/tmp.tgz
491 silly lockFile 5ce8043f-392192-0-670035651884973-tmp-tgz tar:///var/folders/xk/rs8d3d8s4_d9b9_d_7g0c8_h0000gp/T/npm-2813-LirST4VK/1379824392192-0.670035651884973/tmp.tgz
492 verbose tar pack [ '/Users/yapcheahshen/.npm/vows/0.7.0/package.tgz',
492 verbose tar pack   '/var/folders/xk/rs8d3d8s4_d9b9_d_7g0c8_h0000gp/T/npm-2813-LirST4VK/1379824392192-0.670035651884973/package' ]
493 verbose tarball /Users/yapcheahshen/.npm/vows/0.7.0/package.tgz
494 verbose folder /var/folders/xk/rs8d3d8s4_d9b9_d_7g0c8_h0000gp/T/npm-2813-LirST4VK/1379824392192-0.670035651884973/package
495 silly lockFile 00de9f95-392192-0-670035651884973-package tar:///var/folders/xk/rs8d3d8s4_d9b9_d_7g0c8_h0000gp/T/npm-2813-LirST4VK/1379824392192-0.670035651884973/package
496 verbose lock tar:///var/folders/xk/rs8d3d8s4_d9b9_d_7g0c8_h0000gp/T/npm-2813-LirST4VK/1379824392192-0.670035651884973/package /Users/yapcheahshen/.npm/00de9f95-392192-0-670035651884973-package.lock
497 silly lockFile 4de283b8-hshen-npm-vows-0-7-0-package-tgz tar:///Users/yapcheahshen/.npm/vows/0.7.0/package.tgz
498 verbose lock tar:///Users/yapcheahshen/.npm/vows/0.7.0/package.tgz /Users/yapcheahshen/.npm/4de283b8-hshen-npm-vows-0-7-0-package-tgz.lock
499 silly lockFile 2c6a214f-92214-0-8843148788437247-package tar:///var/folders/xk/rs8d3d8s4_d9b9_d_7g0c8_h0000gp/T/npm-2813-LirST4VK/1379824392214-0.8843148788437247/package
500 silly lockFile 2c6a214f-92214-0-8843148788437247-package tar:///var/folders/xk/rs8d3d8s4_d9b9_d_7g0c8_h0000gp/T/npm-2813-LirST4VK/1379824392214-0.8843148788437247/package
501 silly lockFile 5f03e5bf-92214-0-8843148788437247-tmp-tgz tar:///var/folders/xk/rs8d3d8s4_d9b9_d_7g0c8_h0000gp/T/npm-2813-LirST4VK/1379824392214-0.8843148788437247/tmp.tgz
502 silly lockFile 5f03e5bf-92214-0-8843148788437247-tmp-tgz tar:///var/folders/xk/rs8d3d8s4_d9b9_d_7g0c8_h0000gp/T/npm-2813-LirST4VK/1379824392214-0.8843148788437247/tmp.tgz
503 verbose tar pack [ '/Users/yapcheahshen/.npm/yase/0.0.32/package.tgz',
503 verbose tar pack   '/var/folders/xk/rs8d3d8s4_d9b9_d_7g0c8_h0000gp/T/npm-2813-LirST4VK/1379824392214-0.8843148788437247/package' ]
504 verbose tarball /Users/yapcheahshen/.npm/yase/0.0.32/package.tgz
505 verbose folder /var/folders/xk/rs8d3d8s4_d9b9_d_7g0c8_h0000gp/T/npm-2813-LirST4VK/1379824392214-0.8843148788437247/package
506 silly lockFile 2c6a214f-92214-0-8843148788437247-package tar:///var/folders/xk/rs8d3d8s4_d9b9_d_7g0c8_h0000gp/T/npm-2813-LirST4VK/1379824392214-0.8843148788437247/package
507 verbose lock tar:///var/folders/xk/rs8d3d8s4_d9b9_d_7g0c8_h0000gp/T/npm-2813-LirST4VK/1379824392214-0.8843148788437247/package /Users/yapcheahshen/.npm/2c6a214f-92214-0-8843148788437247-package.lock
508 silly lockFile c9f76644-shen-npm-yase-0-0-32-package-tgz tar:///Users/yapcheahshen/.npm/yase/0.0.32/package.tgz
509 verbose lock tar:///Users/yapcheahshen/.npm/yase/0.0.32/package.tgz /Users/yapcheahshen/.npm/c9f76644-shen-npm-yase-0-0-32-package-tgz.lock
510 silly lockFile 00de9f95-392192-0-670035651884973-package tar:///var/folders/xk/rs8d3d8s4_d9b9_d_7g0c8_h0000gp/T/npm-2813-LirST4VK/1379824392192-0.670035651884973/package
511 silly lockFile 00de9f95-392192-0-670035651884973-package tar:///var/folders/xk/rs8d3d8s4_d9b9_d_7g0c8_h0000gp/T/npm-2813-LirST4VK/1379824392192-0.670035651884973/package
512 silly lockFile 4de283b8-hshen-npm-vows-0-7-0-package-tgz tar:///Users/yapcheahshen/.npm/vows/0.7.0/package.tgz
513 silly lockFile 4de283b8-hshen-npm-vows-0-7-0-package-tgz tar:///Users/yapcheahshen/.npm/vows/0.7.0/package.tgz
514 silly lockFile a6ac1795-cheahshen-npm-vows-0-7-0-package /Users/yapcheahshen/.npm/vows/0.7.0/package
515 verbose lock /Users/yapcheahshen/.npm/vows/0.7.0/package /Users/yapcheahshen/.npm/a6ac1795-cheahshen-npm-vows-0-7-0-package.lock
516 silly lockFile a6ac1795-cheahshen-npm-vows-0-7-0-package /Users/yapcheahshen/.npm/vows/0.7.0/package
517 silly lockFile a6ac1795-cheahshen-npm-vows-0-7-0-package /Users/yapcheahshen/.npm/vows/0.7.0/package
518 verbose tar unpack /Users/yapcheahshen/.npm/vows/0.7.0/package.tgz
519 silly lockFile 04a30b48-cheahshen-npm-vows-0-7-0-package tar:///Users/yapcheahshen/.npm/vows/0.7.0/package
520 verbose lock tar:///Users/yapcheahshen/.npm/vows/0.7.0/package /Users/yapcheahshen/.npm/04a30b48-cheahshen-npm-vows-0-7-0-package.lock
521 silly lockFile 4de283b8-hshen-npm-vows-0-7-0-package-tgz tar:///Users/yapcheahshen/.npm/vows/0.7.0/package.tgz
522 verbose lock tar:///Users/yapcheahshen/.npm/vows/0.7.0/package.tgz /Users/yapcheahshen/.npm/4de283b8-hshen-npm-vows-0-7-0-package-tgz.lock
523 silly gunzTarPerm modes [ '755', '644' ]
524 silly gunzTarPerm extractEntry package.json
525 silly gunzTarPerm extractEntry .npmignore
526 silly gunzTarPerm extractEntry README.md
527 silly gunzTarPerm extractEntry LICENSE
528 silly gunzTarPerm extractEntry .travis.yml
529 silly gunzTarPerm extractEntry Makefile
530 silly gunzTarPerm extractEntry bin/vows
531 silly gunzTarPerm extractEntry lib/vows.js
532 silly gunzTarPerm extractEntry lib/assert/error.js
533 silly gunzTarPerm extractEntry lib/assert/macros.js
534 silly gunzTarPerm extractEntry lib/assert/utils.js
535 silly gunzTarPerm extractEntry lib/utils/wildcard.js
536 silly gunzTarPerm extractEntry lib/vows/console.js
537 silly gunzTarPerm extractEntry lib/vows/context.js
538 silly gunzTarPerm extractEntry lib/vows/extras.js
539 silly gunzTarPerm extractEntry lib/vows/suite.js
540 silly gunzTarPerm extractEntry lib/vows/coverage/file.js
541 silly gunzTarPerm extractEntry lib/vows/coverage/report-html.js
542 silly lockFile 2c6a214f-92214-0-8843148788437247-package tar:///var/folders/xk/rs8d3d8s4_d9b9_d_7g0c8_h0000gp/T/npm-2813-LirST4VK/1379824392214-0.8843148788437247/package
543 silly lockFile 2c6a214f-92214-0-8843148788437247-package tar:///var/folders/xk/rs8d3d8s4_d9b9_d_7g0c8_h0000gp/T/npm-2813-LirST4VK/1379824392214-0.8843148788437247/package
544 silly lockFile c9f76644-shen-npm-yase-0-0-32-package-tgz tar:///Users/yapcheahshen/.npm/yase/0.0.32/package.tgz
545 silly lockFile c9f76644-shen-npm-yase-0-0-32-package-tgz tar:///Users/yapcheahshen/.npm/yase/0.0.32/package.tgz
546 silly lockFile b38284cf-heahshen-npm-yase-0-0-32-package /Users/yapcheahshen/.npm/yase/0.0.32/package
547 verbose lock /Users/yapcheahshen/.npm/yase/0.0.32/package /Users/yapcheahshen/.npm/b38284cf-heahshen-npm-yase-0-0-32-package.lock
548 silly lockFile b38284cf-heahshen-npm-yase-0-0-32-package /Users/yapcheahshen/.npm/yase/0.0.32/package
549 silly lockFile b38284cf-heahshen-npm-yase-0-0-32-package /Users/yapcheahshen/.npm/yase/0.0.32/package
550 verbose tar unpack /Users/yapcheahshen/.npm/yase/0.0.32/package.tgz
551 silly lockFile 76dbb442-heahshen-npm-yase-0-0-32-package tar:///Users/yapcheahshen/.npm/yase/0.0.32/package
552 verbose lock tar:///Users/yapcheahshen/.npm/yase/0.0.32/package /Users/yapcheahshen/.npm/76dbb442-heahshen-npm-yase-0-0-32-package.lock
553 silly lockFile c9f76644-shen-npm-yase-0-0-32-package-tgz tar:///Users/yapcheahshen/.npm/yase/0.0.32/package.tgz
554 verbose lock tar:///Users/yapcheahshen/.npm/yase/0.0.32/package.tgz /Users/yapcheahshen/.npm/c9f76644-shen-npm-yase-0-0-32-package-tgz.lock
555 silly gunzTarPerm extractEntry lib/vows/coverage/report-json.js
556 silly gunzTarPerm extractEntry lib/vows/coverage/report-plain.js
557 silly gunzTarPerm modes [ '755', '644' ]
558 silly gunzTarPerm extractEntry package.json
559 silly gunzTarPerm extractEntry README.md
560 silly gunzTarPerm extractEntry LICENSE
561 silly gunzTarPerm extractEntry plist.js
562 silly gunzTarPerm extractEntry lib/vows/coverage/report-xml.js
563 silly gunzTarPerm extractEntry lib/vows/coverage/fragments/coverage-foot.html
564 silly gunzTarPerm extractEntry schema.js
565 silly gunzTarPerm extractEntry search.js
566 silly gunzTarPerm extractEntry lib/vows/coverage/fragments/coverage-head.html
567 silly gunzTarPerm extractEntry lib/vows/reporters/dot-matrix.js
568 silly gunzTarPerm extractEntry lib/vows/reporters/json.js
569 silly gunzTarPerm extractEntry lib/vows/reporters/silent.js
570 silly gunzTarPerm extractEntry lib/vows/reporters/spec.js
571 silly gunzTarPerm extractEntry lib/vows/reporters/tap.js
572 silly gunzTarPerm extractEntry lib/vows/reporters/watch.js
573 silly gunzTarPerm extractEntry lib/vows/reporters/xunit.js
574 silly gunzTarPerm extractEntry test/VowsCamelCaseTest.js
575 silly gunzTarPerm extractEntry test/assert-test.js
576 silly gunzTarPerm extractEntry taghandlers.js
577 silly gunzTarPerm extractEntry yasew.js
578 silly gunzTarPerm extractEntry tokenize.js
579 silly gunzTarPerm extractEntry tokens.js
580 silly gunzTarPerm extractEntry test/isolate-test.js
581 silly gunzTarPerm extractEntry test/supress-stdout-test.js
582 silly gunzTarPerm extractEntry invert.js
583 silly gunzTarPerm extractEntry wrench.js
584 silly gunzTarPerm extractEntry test/vows-error-test.js
585 silly gunzTarPerm extractEntry test/vows-test.js
586 silly gunzTarPerm extractEntry index.js
587 silly gunzTarPerm extractEntry yase.js
588 silly gunzTarPerm extractEntry test/vows_underscore_test.js
589 silly gunzTarPerm extractEntry test/fixtures/isolate/failing.js
590 silly gunzTarPerm extractEntry test/fixtures/isolate/log.js
591 silly gunzTarPerm extractEntry test/fixtures/isolate/passing.js
592 silly gunzTarPerm extractEntry genschema.js
593 silly gunzTarPerm extractEntry yase_api.js
594 silly gunzTarPerm extractEntry test/fixtures/isolate/stderr.js
595 silly gunzTarPerm extractEntry test/fixtures/supress-stdout/output.js
596 silly gunzTarPerm extractEntry diff.js
597 silly gunzTarPerm extractEntry yasebuild.js
598 silly gunzTarPerm extractEntry blob.js
599 silly gunzTarPerm extractEntry yasebuild1.js
600 silly gunzTarPerm extractEntry binarysearch.js
601 silly gunzTarPerm extractEntry yasecustom.js
602 silly gunzTarPerm extractEntry splitter.js
603 silly gunzTarPerm extractEntry yasew1.js
604 silly gunzTarPerm extractEntry tag.js
605 silly gunzTarPerm extractEntry test/yasew-test.js
606 silly gunzTarPerm extractEntry test/test.js
607 silly gunzTarPerm extractEntry test/tokenize-test.js
608 silly gunzTarPerm extractEntry test/yase-test.js
609 silly gunzTarPerm extractEntry test/test.xml
610 silly gunzTarPerm extractEntry test/test.ydb
611 silly gunzTarPerm extractEntry test/daodejin.xml
612 silly gunzTarPerm extractEntry test/test2.ydb
613 silly gunzTarPerm extractEntry test/test3.ydb
614 silly gunzTarPerm extractEntry test/daodejin.txt
615 silly gunzTarPerm extractEntry test/test.lst
616 silly gunzTarPerm extractEntry test/test2.xml
617 silly lockFile 04a30b48-cheahshen-npm-vows-0-7-0-package tar:///Users/yapcheahshen/.npm/vows/0.7.0/package
618 silly lockFile 04a30b48-cheahshen-npm-vows-0-7-0-package tar:///Users/yapcheahshen/.npm/vows/0.7.0/package
619 silly lockFile 4de283b8-hshen-npm-vows-0-7-0-package-tgz tar:///Users/yapcheahshen/.npm/vows/0.7.0/package.tgz
620 silly lockFile 4de283b8-hshen-npm-vows-0-7-0-package-tgz tar:///Users/yapcheahshen/.npm/vows/0.7.0/package.tgz
621 verbose chmod /Users/yapcheahshen/.npm/vows/0.7.0/package.tgz 644
622 verbose chown /Users/yapcheahshen/.npm/vows/0.7.0/package.tgz [ 502, 20 ]
623 silly lockFile 937cb33b-ry-npmjs-org-vows-vows-0-7-0-tgz https://registry.npmjs.org/vows/-/vows-0.7.0.tgz
624 silly lockFile 937cb33b-ry-npmjs-org-vows-vows-0-7-0-tgz https://registry.npmjs.org/vows/-/vows-0.7.0.tgz
625 silly lockFile 5c9f8c82-vows-0-7-0 vows@0.7.0
626 silly lockFile 5c9f8c82-vows-0-7-0 vows@0.7.0
627 silly lockFile c2b322e5-vows vows@*
628 silly lockFile c2b322e5-vows vows@*
629 silly lockFile 76dbb442-heahshen-npm-yase-0-0-32-package tar:///Users/yapcheahshen/.npm/yase/0.0.32/package
630 silly lockFile 76dbb442-heahshen-npm-yase-0-0-32-package tar:///Users/yapcheahshen/.npm/yase/0.0.32/package
631 silly lockFile c9f76644-shen-npm-yase-0-0-32-package-tgz tar:///Users/yapcheahshen/.npm/yase/0.0.32/package.tgz
632 silly lockFile c9f76644-shen-npm-yase-0-0-32-package-tgz tar:///Users/yapcheahshen/.npm/yase/0.0.32/package.tgz
633 verbose chmod /Users/yapcheahshen/.npm/yase/0.0.32/package.tgz 644
634 verbose chown /Users/yapcheahshen/.npm/yase/0.0.32/package.tgz [ 502, 20 ]
635 silly lockFile d2874789-y-npmjs-org-yase-yase-0-0-32-tgz https://registry.npmjs.org/yase/-/yase-0.0.32.tgz
636 silly lockFile d2874789-y-npmjs-org-yase-yase-0-0-32-tgz https://registry.npmjs.org/yase/-/yase-0.0.32.tgz
637 silly lockFile 5e08e79e-yase-0-0-32 yase@0.0.32
638 silly lockFile 5e08e79e-yase-0-0-32 yase@0.0.32
639 silly lockFile df93abb3-yase yase@*
640 silly lockFile df93abb3-yase yase@*
641 info outdated updating [ [ '/Users/yapcheahshen/ksanapc',
641 info outdated     'refinery',
641 info outdated     '0.0.1',
641 info outdated     '0.0.2',
641 info outdated     '*' ],
641 info outdated   [ '/Users/yapcheahshen/ksanapc',
641 info outdated     'serialport',
641 info outdated     '1.1.3',
641 info outdated     '1.1.3',
641 info outdated     '*' ],
641 info outdated   [ '/Users/yapcheahshen/ksanapc',
641 info outdated     'socket.io',
641 info outdated     '0.9.16',
641 info outdated     '0.9.16',
641 info outdated     '*' ],
641 info outdated   [ '/Users/yapcheahshen/ksanapc', 'yadb', '0.0.15', '0.0.17', '*' ],
641 info outdated   [ '/Users/yapcheahshen/ksanapc', 'vows', '0.7.0', '0.7.0', '*' ],
641 info outdated   [ '/Users/yapcheahshen/ksanapc', 'yase', '0.0.27', '0.0.32', '*' ] ]
642 verbose install where,what [ '/Users/yapcheahshen/ksanapc', [ 'refinery@0.0.2' ] ]
643 verbose install where,what [ '/Users/yapcheahshen/ksanapc', [ 'serialport@1.1.3' ] ]
644 verbose install where,what [ '/Users/yapcheahshen/ksanapc', [ 'socket.io@0.9.16' ] ]
645 verbose install where,what [ '/Users/yapcheahshen/ksanapc', [ 'yadb@0.0.17' ] ]
646 verbose install where,what [ '/Users/yapcheahshen/ksanapc', [ 'vows@0.7.0' ] ]
647 verbose install where,what [ '/Users/yapcheahshen/ksanapc', [ 'yase@0.0.32' ] ]
648 verbose cache add [ 'refinery@0.0.2', null ]
649 verbose cache add name=undefined spec="refinery@0.0.2" args=["refinery@0.0.2",null]
650 verbose parsed url { protocol: null,
650 verbose parsed url   slashes: null,
650 verbose parsed url   auth: null,
650 verbose parsed url   host: null,
650 verbose parsed url   port: null,
650 verbose parsed url   hostname: null,
650 verbose parsed url   hash: null,
650 verbose parsed url   search: null,
650 verbose parsed url   query: null,
650 verbose parsed url   pathname: 'refinery@0.0.2',
650 verbose parsed url   path: 'refinery@0.0.2',
650 verbose parsed url   href: 'refinery@0.0.2' }
651 verbose cache add name="refinery" spec="0.0.2" args=["refinery","0.0.2"]
652 verbose parsed url { protocol: null,
652 verbose parsed url   slashes: null,
652 verbose parsed url   auth: null,
652 verbose parsed url   host: null,
652 verbose parsed url   port: null,
652 verbose parsed url   hostname: null,
652 verbose parsed url   hash: null,
652 verbose parsed url   search: null,
652 verbose parsed url   query: null,
652 verbose parsed url   pathname: '0.0.2',
652 verbose parsed url   path: '0.0.2',
652 verbose parsed url   href: '0.0.2' }
653 verbose addNamed [ 'refinery', '0.0.2' ]
654 verbose addNamed [ '0.0.2', '0.0.2' ]
655 silly lockFile cf0b69b1-refinery-0-0-2 refinery@0.0.2
656 verbose lock refinery@0.0.2 /Users/yapcheahshen/.npm/cf0b69b1-refinery-0-0-2.lock
657 verbose cache add [ 'serialport@1.1.3', null ]
658 verbose cache add name=undefined spec="serialport@1.1.3" args=["serialport@1.1.3",null]
659 verbose parsed url { protocol: null,
659 verbose parsed url   slashes: null,
659 verbose parsed url   auth: null,
659 verbose parsed url   host: null,
659 verbose parsed url   port: null,
659 verbose parsed url   hostname: null,
659 verbose parsed url   hash: null,
659 verbose parsed url   search: null,
659 verbose parsed url   query: null,
659 verbose parsed url   pathname: 'serialport@1.1.3',
659 verbose parsed url   path: 'serialport@1.1.3',
659 verbose parsed url   href: 'serialport@1.1.3' }
660 verbose cache add name="serialport" spec="1.1.3" args=["serialport","1.1.3"]
661 verbose parsed url { protocol: null,
661 verbose parsed url   slashes: null,
661 verbose parsed url   auth: null,
661 verbose parsed url   host: null,
661 verbose parsed url   port: null,
661 verbose parsed url   hostname: null,
661 verbose parsed url   hash: null,
661 verbose parsed url   search: null,
661 verbose parsed url   query: null,
661 verbose parsed url   pathname: '1.1.3',
661 verbose parsed url   path: '1.1.3',
661 verbose parsed url   href: '1.1.3' }
662 verbose addNamed [ 'serialport', '1.1.3' ]
663 verbose addNamed [ '1.1.3', '1.1.3' ]
664 silly lockFile 34dd8f3e-serialport-1-1-3 serialport@1.1.3
665 verbose lock serialport@1.1.3 /Users/yapcheahshen/.npm/34dd8f3e-serialport-1-1-3.lock
666 verbose cache add [ 'socket.io@0.9.16', null ]
667 verbose cache add name=undefined spec="socket.io@0.9.16" args=["socket.io@0.9.16",null]
668 verbose parsed url { protocol: null,
668 verbose parsed url   slashes: null,
668 verbose parsed url   auth: null,
668 verbose parsed url   host: null,
668 verbose parsed url   port: null,
668 verbose parsed url   hostname: null,
668 verbose parsed url   hash: null,
668 verbose parsed url   search: null,
668 verbose parsed url   query: null,
668 verbose parsed url   pathname: 'socket.io@0.9.16',
668 verbose parsed url   path: 'socket.io@0.9.16',
668 verbose parsed url   href: 'socket.io@0.9.16' }
669 verbose cache add name="socket.io" spec="0.9.16" args=["socket.io","0.9.16"]
670 verbose parsed url { protocol: null,
670 verbose parsed url   slashes: null,
670 verbose parsed url   auth: null,
670 verbose parsed url   host: null,
670 verbose parsed url   port: null,
670 verbose parsed url   hostname: null,
670 verbose parsed url   hash: null,
670 verbose parsed url   search: null,
670 verbose parsed url   query: null,
670 verbose parsed url   pathname: '0.9.16',
670 verbose parsed url   path: '0.9.16',
670 verbose parsed url   href: '0.9.16' }
671 verbose addNamed [ 'socket.io', '0.9.16' ]
672 verbose addNamed [ '0.9.16', '0.9.16' ]
673 silly lockFile a7acce22-socket-io-0-9-16 socket.io@0.9.16
674 verbose lock socket.io@0.9.16 /Users/yapcheahshen/.npm/a7acce22-socket-io-0-9-16.lock
675 verbose cache add [ 'yadb@0.0.17', null ]
676 verbose cache add name=undefined spec="yadb@0.0.17" args=["yadb@0.0.17",null]
677 verbose parsed url { protocol: null,
677 verbose parsed url   slashes: null,
677 verbose parsed url   auth: null,
677 verbose parsed url   host: null,
677 verbose parsed url   port: null,
677 verbose parsed url   hostname: null,
677 verbose parsed url   hash: null,
677 verbose parsed url   search: null,
677 verbose parsed url   query: null,
677 verbose parsed url   pathname: 'yadb@0.0.17',
677 verbose parsed url   path: 'yadb@0.0.17',
677 verbose parsed url   href: 'yadb@0.0.17' }
678 verbose cache add name="yadb" spec="0.0.17" args=["yadb","0.0.17"]
679 verbose parsed url { protocol: null,
679 verbose parsed url   slashes: null,
679 verbose parsed url   auth: null,
679 verbose parsed url   host: null,
679 verbose parsed url   port: null,
679 verbose parsed url   hostname: null,
679 verbose parsed url   hash: null,
679 verbose parsed url   search: null,
679 verbose parsed url   query: null,
679 verbose parsed url   pathname: '0.0.17',
679 verbose parsed url   path: '0.0.17',
679 verbose parsed url   href: '0.0.17' }
680 verbose addNamed [ 'yadb', '0.0.17' ]
681 verbose addNamed [ '0.0.17', '0.0.17' ]
682 silly lockFile 297119e2-yadb-0-0-17 yadb@0.0.17
683 verbose lock yadb@0.0.17 /Users/yapcheahshen/.npm/297119e2-yadb-0-0-17.lock
684 verbose cache add [ 'vows@0.7.0', null ]
685 verbose cache add name=undefined spec="vows@0.7.0" args=["vows@0.7.0",null]
686 verbose parsed url { protocol: null,
686 verbose parsed url   slashes: null,
686 verbose parsed url   auth: null,
686 verbose parsed url   host: null,
686 verbose parsed url   port: null,
686 verbose parsed url   hostname: null,
686 verbose parsed url   hash: null,
686 verbose parsed url   search: null,
686 verbose parsed url   query: null,
686 verbose parsed url   pathname: 'vows@0.7.0',
686 verbose parsed url   path: 'vows@0.7.0',
686 verbose parsed url   href: 'vows@0.7.0' }
687 verbose cache add name="vows" spec="0.7.0" args=["vows","0.7.0"]
688 verbose parsed url { protocol: null,
688 verbose parsed url   slashes: null,
688 verbose parsed url   auth: null,
688 verbose parsed url   host: null,
688 verbose parsed url   port: null,
688 verbose parsed url   hostname: null,
688 verbose parsed url   hash: null,
688 verbose parsed url   search: null,
688 verbose parsed url   query: null,
688 verbose parsed url   pathname: '0.7.0',
688 verbose parsed url   path: '0.7.0',
688 verbose parsed url   href: '0.7.0' }
689 verbose addNamed [ 'vows', '0.7.0' ]
690 verbose addNamed [ '0.7.0', '0.7.0' ]
691 silly lockFile 5c9f8c82-vows-0-7-0 vows@0.7.0
692 verbose lock vows@0.7.0 /Users/yapcheahshen/.npm/5c9f8c82-vows-0-7-0.lock
693 verbose cache add [ 'yase@0.0.32', null ]
694 verbose cache add name=undefined spec="yase@0.0.32" args=["yase@0.0.32",null]
695 verbose parsed url { protocol: null,
695 verbose parsed url   slashes: null,
695 verbose parsed url   auth: null,
695 verbose parsed url   host: null,
695 verbose parsed url   port: null,
695 verbose parsed url   hostname: null,
695 verbose parsed url   hash: null,
695 verbose parsed url   search: null,
695 verbose parsed url   query: null,
695 verbose parsed url   pathname: 'yase@0.0.32',
695 verbose parsed url   path: 'yase@0.0.32',
695 verbose parsed url   href: 'yase@0.0.32' }
696 verbose cache add name="yase" spec="0.0.32" args=["yase","0.0.32"]
697 verbose parsed url { protocol: null,
697 verbose parsed url   slashes: null,
697 verbose parsed url   auth: null,
697 verbose parsed url   host: null,
697 verbose parsed url   port: null,
697 verbose parsed url   hostname: null,
697 verbose parsed url   hash: null,
697 verbose parsed url   search: null,
697 verbose parsed url   query: null,
697 verbose parsed url   pathname: '0.0.32',
697 verbose parsed url   path: '0.0.32',
697 verbose parsed url   href: '0.0.32' }
698 verbose addNamed [ 'yase', '0.0.32' ]
699 verbose addNamed [ '0.0.32', '0.0.32' ]
700 silly lockFile 5e08e79e-yase-0-0-32 yase@0.0.32
701 verbose lock yase@0.0.32 /Users/yapcheahshen/.npm/5e08e79e-yase-0-0-32.lock
702 verbose url raw serialport/1.1.3
703 verbose url resolving [ 'https://registry.npmjs.org/', './serialport/1.1.3' ]
704 verbose url resolved https://registry.npmjs.org/serialport/1.1.3
705 info trying registry request attempt 1 at 12:33:14
706 http GET https://registry.npmjs.org/serialport/1.1.3
707 verbose url raw socket.io/0.9.16
708 verbose url resolving [ 'https://registry.npmjs.org/', './socket.io/0.9.16' ]
709 verbose url resolved https://registry.npmjs.org/socket.io/0.9.16
710 info trying registry request attempt 1 at 12:33:14
711 http GET https://registry.npmjs.org/socket.io/0.9.16
712 verbose url raw yadb/0.0.17
713 verbose url resolving [ 'https://registry.npmjs.org/', './yadb/0.0.17' ]
714 verbose url resolved https://registry.npmjs.org/yadb/0.0.17
715 info trying registry request attempt 1 at 12:33:14
716 http GET https://registry.npmjs.org/yadb/0.0.17
717 verbose url raw vows/0.7.0
718 verbose url resolving [ 'https://registry.npmjs.org/', './vows/0.7.0' ]
719 verbose url resolved https://registry.npmjs.org/vows/0.7.0
720 info trying registry request attempt 1 at 12:33:14
721 http GET https://registry.npmjs.org/vows/0.7.0
722 verbose url raw yase/0.0.32
723 verbose url resolving [ 'https://registry.npmjs.org/', './yase/0.0.32' ]
724 verbose url resolved https://registry.npmjs.org/yase/0.0.32
725 info trying registry request attempt 1 at 12:33:14
726 http GET https://registry.npmjs.org/yase/0.0.32
727 verbose url raw refinery/0.0.2
728 verbose url resolving [ 'https://registry.npmjs.org/', './refinery/0.0.2' ]
729 verbose url resolved https://registry.npmjs.org/refinery/0.0.2
730 info trying registry request attempt 1 at 12:33:14
731 verbose etag "7SE7Q5UMQPFP5CK5DC7MTDD6A"
732 http GET https://registry.npmjs.org/refinery/0.0.2
733 http 200 https://registry.npmjs.org/yadb/0.0.17
734 silly registry.get cb [ 200,
734 silly registry.get   { vary: 'Accept',
734 silly registry.get     server: 'CouchDB/1.3.1 (Erlang OTP/R15B03)',
734 silly registry.get     etag: '"F0BTZGTWKLG8T0YPWJU7DT3HX"',
734 silly registry.get     date: 'Sun, 22 Sep 2013 04:33:16 GMT',
734 silly registry.get     'content-type': 'application/json',
734 silly registry.get     'content-length': '706' } ]
735 silly lockFile aca23bc6-y-npmjs-org-yadb-yadb-0-0-17-tgz https://registry.npmjs.org/yadb/-/yadb-0.0.17.tgz
736 verbose lock https://registry.npmjs.org/yadb/-/yadb-0.0.17.tgz /Users/yapcheahshen/.npm/aca23bc6-y-npmjs-org-yadb-yadb-0-0-17-tgz.lock
737 verbose addRemoteTarball [ 'https://registry.npmjs.org/yadb/-/yadb-0.0.17.tgz',
737 verbose addRemoteTarball   '421ff4cbb61975777d0c9e47f3ab64de02c5bc31' ]
738 info retry fetch attempt 1 at 12:33:15
739 verbose fetch to= /var/folders/xk/rs8d3d8s4_d9b9_d_7g0c8_h0000gp/T/npm-2813-LirST4VK/1379824395641-0.1360053673852235/tmp.tgz
740 http GET https://registry.npmjs.org/yadb/-/yadb-0.0.17.tgz
741 http 200 https://registry.npmjs.org/yase/0.0.32
742 silly registry.get cb [ 200,
742 silly registry.get   { vary: 'Accept',
742 silly registry.get     server: 'CouchDB/1.3.1 (Erlang OTP/R15B03)',
742 silly registry.get     etag: '"C7C5D9M5WGZH6YE7TL95QYF6K"',
742 silly registry.get     date: 'Sun, 22 Sep 2013 04:33:16 GMT',
742 silly registry.get     'content-type': 'application/json',
742 silly registry.get     'content-length': '763' } ]
743 silly lockFile d2874789-y-npmjs-org-yase-yase-0-0-32-tgz https://registry.npmjs.org/yase/-/yase-0.0.32.tgz
744 verbose lock https://registry.npmjs.org/yase/-/yase-0.0.32.tgz /Users/yapcheahshen/.npm/d2874789-y-npmjs-org-yase-yase-0-0-32-tgz.lock
745 verbose addRemoteTarball [ 'https://registry.npmjs.org/yase/-/yase-0.0.32.tgz',
745 verbose addRemoteTarball   '2a091d95f5246d3dd9ee81c605336d40d4928e00' ]
746 info retry fetch attempt 1 at 12:33:15
747 verbose fetch to= /var/folders/xk/rs8d3d8s4_d9b9_d_7g0c8_h0000gp/T/npm-2813-LirST4VK/1379824395653-0.4607454452197999/tmp.tgz
748 http GET https://registry.npmjs.org/yase/-/yase-0.0.32.tgz
749 http 200 https://registry.npmjs.org/vows/0.7.0
750 silly registry.get cb [ 200,
750 silly registry.get   { vary: 'Accept',
750 silly registry.get     server: 'CouchDB/1.3.1 (Erlang OTP/R15B03)',
750 silly registry.get     etag: '"75W3UTHS9RDLBQTI09ZRVUBN9"',
750 silly registry.get     date: 'Sun, 22 Sep 2013 04:33:16 GMT',
750 silly registry.get     'content-type': 'application/json',
750 silly registry.get     'content-length': '3069' } ]
751 silly lockFile 937cb33b-ry-npmjs-org-vows-vows-0-7-0-tgz https://registry.npmjs.org/vows/-/vows-0.7.0.tgz
752 verbose lock https://registry.npmjs.org/vows/-/vows-0.7.0.tgz /Users/yapcheahshen/.npm/937cb33b-ry-npmjs-org-vows-vows-0-7-0-tgz.lock
753 verbose addRemoteTarball [ 'https://registry.npmjs.org/vows/-/vows-0.7.0.tgz',
753 verbose addRemoteTarball   'dd0065f110ba0c0a6d63e844851c3208176d5867' ]
754 info retry fetch attempt 1 at 12:33:15
755 verbose fetch to= /var/folders/xk/rs8d3d8s4_d9b9_d_7g0c8_h0000gp/T/npm-2813-LirST4VK/1379824395833-0.8983043911866844/tmp.tgz
756 http GET https://registry.npmjs.org/vows/-/vows-0.7.0.tgz
757 http 304 https://registry.npmjs.org/refinery/0.0.2
758 silly registry.get cb [ 304,
758 silly registry.get   { server: 'CouchDB/1.3.1 (Erlang OTP/R15B03)',
758 silly registry.get     etag: '"7SE7Q5UMQPFP5CK5DC7MTDD6A"',
758 silly registry.get     date: 'Sun, 22 Sep 2013 04:33:16 GMT',
758 silly registry.get     'content-length': '0' } ]
759 verbose etag refinery/0.0.2 from cache
760 silly lockFile cf0b69b1-refinery-0-0-2 refinery@0.0.2
761 silly lockFile cf0b69b1-refinery-0-0-2 refinery@0.0.2
762 silly resolved [ { name: 'refinery',
762 silly resolved     version: '0.0.2',
762 silly resolved     description: 'a work flow for refining XML files',
762 silly resolved     main: 'index.js',
762 silly resolved     scripts: { test: 'vows' },
762 silly resolved     repository: { type: 'git', url: 'https://github.com/yapcheahshen/refinery' },
762 silly resolved     author: { name: 'yapcheahshen@gmail.com' },
762 silly resolved     license: 'GPL 3.0',
762 silly resolved     readmeFilename: 'README.md',
762 silly resolved     gitHead: '7c455febfcff685f6a73cb7594ad09047e22e500',
762 silly resolved     readme: 'refinery\r\n========\r\n\r\nA work flow for visual markup on XML files\r\n',
762 silly resolved     bugs: { url: 'https://github.com/yapcheahshen/refinery/issues' },
762 silly resolved     _id: 'refinery@0.0.2',
762 silly resolved     _from: 'refinery@0.0.2' } ]
763 info install refinery@0.0.2 into /Users/yapcheahshen/ksanapc
764 info installOne refinery@0.0.2
765 error git Appears to be a git repo or submodule.
765 error git     /Users/yapcheahshen/ksanapc/node_modules/refinery
765 error git Refusing to remove it. Update manually,
765 error git or move it out of the way first.
766 error System Darwin 12.5.0
767 error command "node" "/usr/local/bin/npm" "update"
768 error cwd /Users/yapcheahshen/ksanapc
769 error node -v v0.10.18
770 error npm -v 1.3.8
771 error path /Users/yapcheahshen/ksanapc/node_modules/refinery
772 error code EISGIT
773 verbose exit [ 1, true ]
